c:\users\notplus\desktop\cpp\project_1\shpviewer_v3.0\shpviewer\debug\qtree.obj
c:\users\notplus\desktop\cpp\project_1\shpviewer_v3.0\shpviewer\debug\moc_paintwidget.obj
c:\users\notplus\desktop\cpp\project_1\shpviewer_v3.0\shpviewer\debug\parseshp.obj
c:\users\notplus\desktop\cpp\project_1\shpviewer_v3.0\shpviewer\debug\listwidgetitem.obj
c:\users\notplus\desktop\cpp\project_1\shpviewer_v3.0\shpviewer\debug\paintwidget.obj
c:\users\notplus\desktop\cpp\project_1\shpviewer_v3.0\shpviewer\debug\shpshape.obj
c:\users\notplus\desktop\cpp\project_1\shpviewer_v3.0\shpviewer\debug\main.obj
c:\users\notplus\desktop\cpp\project_1\shpviewer_v3.0\shpviewer\debug\shpviewer.obj
c:\users\notplus\desktop\cpp\project_1\shpviewer_v3.0\shpviewer\debug\qrc_shpviewer.obj
c:\users\notplus\desktop\cpp\project_1\shpviewer_v3.0\shpviewer\debug\moc_shpviewer.obj
c:\users\notplus\desktop\cpp\project_1\shpviewer_v3.0\shpviewer\debug\vc141.pdb
c:\users\notplus\desktop\cpp\project_1\shpviewer_v3.0\shpviewer\debug\vc142.pdb
c:\users\notplus\desktop\cpp\project_1\shpviewer_v3.0\shpviewer\.\generatedfiles\debug\moc_shpviewer.cpp
c:\users\notplus\desktop\cpp\project_1\shpviewer_v3.0\shpviewer\.\generatedfiles\debug\moc_paintwidget.cpp
c:\users\notplus\desktop\cpp\project_1\shpviewer_v3.0\shpviewer\.\generatedfiles\qrc_shpviewer.cpp
c:\users\notplus\desktop\cpp\project_1\shpviewer_v3.0\shpviewer\generatedfiles\qrc_shpviewer.cpp
c:\users\notplus\desktop\cpp\project_1\shpviewer_v3.0\shpviewer\generatedfiles\debug\moc_shpviewer.cpp
c:\users\notplus\desktop\cpp\project_1\shpviewer_v3.0\shpviewer\generatedfiles\debug\moc_paintwidget.cpp
c:\users\notplus\desktop\cpp\project_1\shpviewer_v3.0\win32\debug\shpviewer.pdb
c:\users\notplus\desktop\cpp\project_1\shpviewer_v3.0\shpviewer\debug\shpviewer.tlog\cl.command.1.tlog
c:\users\notplus\desktop\cpp\project_1\shpviewer_v3.0\shpviewer\debug\shpviewer.tlog\cl.read.1.tlog
c:\users\notplus\desktop\cpp\project_1\shpviewer_v3.0\shpviewer\debug\shpviewer.tlog\cl.write.1.tlog
c:\users\notplus\desktop\cpp\project_1\shpviewer_v3.0\shpviewer\debug\shpviewer.tlog\link-cvtres.read.1.tlog
c:\users\notplus\desktop\cpp\project_1\shpviewer_v3.0\shpviewer\debug\shpviewer.tlog\link-cvtres.write.1.tlog
c:\users\notplus\desktop\cpp\project_1\shpviewer_v3.0\shpviewer\debug\shpviewer.tlog\link-rc.read.1.tlog
c:\users\notplus\desktop\cpp\project_1\shpviewer_v3.0\shpviewer\debug\shpviewer.tlog\link-rc.write.1.tlog
c:\users\notplus\desktop\cpp\project_1\shpviewer_v3.0\shpviewer\debug\shpviewer.tlog\link.20512-cvtres.read.1.tlog
c:\users\notplus\desktop\cpp\project_1\shpviewer_v3.0\shpviewer\debug\shpviewer.tlog\link.20512-cvtres.write.1.tlog
c:\users\notplus\desktop\cpp\project_1\shpviewer_v3.0\shpviewer\debug\shpviewer.tlog\link.20512-rc.read.1.tlog
c:\users\notplus\desktop\cpp\project_1\shpviewer_v3.0\shpviewer\debug\shpviewer.tlog\link.20512-rc.write.1.tlog
c:\users\notplus\desktop\cpp\project_1\shpviewer_v3.0\shpviewer\debug\shpviewer.tlog\link.20512.read.1.tlog
c:\users\notplus\desktop\cpp\project_1\shpviewer_v3.0\shpviewer\debug\shpviewer.tlog\link.20512.write.1.tlog
c:\users\notplus\desktop\cpp\project_1\shpviewer_v3.0\shpviewer\debug\shpviewer.tlog\link.command.1.tlog
c:\users\notplus\desktop\cpp\project_1\shpviewer_v3.0\shpviewer\debug\shpviewer.tlog\link.read.1.tlog
c:\users\notplus\desktop\cpp\project_1\shpviewer_v3.0\shpviewer\debug\shpviewer.tlog\link.write.1.tlog
c:\users\notplus\desktop\cpp\project_1\shpviewer_v3.0\shpviewer\debug\shpviewer.tlog\moc.read.1u.tlog
c:\users\notplus\desktop\cpp\project_1\shpviewer_v3.0\shpviewer\debug\shpviewer.tlog\moc.write.1u.tlog
c:\users\notplus\desktop\cpp\project_1\shpviewer_v3.0\shpviewer\debug\shpviewer.tlog\rcc.read.1u.tlog
c:\users\notplus\desktop\cpp\project_1\shpviewer_v3.0\shpviewer\debug\shpviewer.tlog\rcc.write.1u.tlog
c:\users\notplus\desktop\cpp\project_1\shpviewer_v3.0\shpviewer\debug\shpviewer.tlog\shpviewer.write.1u.tlog
